2026-07-10 20:25:13,275 [INFO] Starting HostLens end-to-end pipeline...
2026-07-10 20:25:13,277 [INFO] Step 1: Loading raw datasets...
2026-07-10 20:25:25,550 [INFO] Loaded Listings: 30259 rows, 90 cols
2026-07-10 20:25:25,550 [INFO] Loaded Calendar: 11152576 rows, 5 cols
2026-07-10 20:25:25,551 [INFO] Loaded Reviews: 990170 rows, 6 cols
2026-07-10 20:25:25,551 [INFO] Loaded Neighbourhoods: 230 rows, 2 cols
2026-07-10 20:25:25,551 [INFO] Step 2: Profiling raw datasets...
2026-07-10 20:25:27,021 [INFO] Saved reports/data_profiling_summary.csv
2026-07-10 20:25:27,021 [INFO] Detecting duplicate records...
2026-07-10 20:25:27,022 [INFO] Found 0 exact duplicates in Listings by ID.
2026-07-10 20:25:27,023 [INFO] Running fuzzy duplicate detection on listings names (sample)...
2026-07-10 20:25:27,037 [INFO] Fuzzy duplicate check completed. Found 2 highly similar names in sample.
2026-07-10 20:25:27,037 [INFO] Step 3: Cleaning datasets...
2026-07-10 20:25:28,244 [INFO] Standardizing pricing fields...
2026-07-10 20:25:28,312 [INFO] Standardizing date columns...
2026-07-10 20:25:31,755 [INFO] Normalizing room and property types...
2026-07-10 20:25:31,804 [INFO] Step 4: Enriching datasets...
2026-07-10 20:25:31,804 [INFO] Aggregating reviews...
2026-07-10 20:25:31,876 [INFO] Integrating calendar availability and computing occupancy rate...
2026-07-10 20:25:32,574 [INFO] Computing neighbourhood-level aggregates...
2026-07-10 20:25:43,653 [INFO] Saved cleaned and enriched CSV files.
2026-07-10 20:25:43,653 [INFO] Step 5: Setting up DuckDB and loading tables...
2026-07-10 20:25:43,660 [INFO] Cleared existing DuckDB file.
2026-07-10 20:25:43,686 [INFO] Initialized database schema.
2026-07-10 20:25:44,053 [INFO] Successfully loaded data into DuckDB tables.
2026-07-10 20:25:44,060 [INFO] Verification: fact_listings has 30259 rows loaded.
2026-07-10 20:25:44,061 [INFO] Saved pipeline run metrics to reports/pipeline_metadata.json
2026-07-10 20:25:44,067 [INFO] Successfully inserted execution telemetry into DuckDB metadata_log.
2026-07-10 20:25:44,219 [INFO] ETL pipeline execution complete! Success.
